# lattice-best-path --lm-scale=18 --word-symbol-table=exp/tri3b/graph/words.txt "ark:gunzip -c exp/nnet2_online/nnet_ms_a_online/decode_per_utt/lat.*.gz|" ark,t:exp/nnet2_online/nnet_ms_a_online/decode_per_utt/scoring/18.tra 
# Started at Fri Mar  4 09:49:13 ICT 2016
#
lattice-best-path --lm-scale=18 --word-symbol-table=exp/tri3b/graph/words.txt 'ark:gunzip -c exp/nnet2_online/nnet_ms_a_online/decode_per_utt/lat.*.gz|' ark,t:exp/nnet2_online/nnet_ms_a_online/decode_per_utt/scoring/18.tra 
LOG (lattice-best-path:main():lattice-best-path.cc:99) For utterance duong-part1-test1, best cost 1286.82 + -317.149 = 969.666 over 315 frames.
duong-part1-test1 không chín một ba không hai một không sáu bảy không 
LOG (lattice-best-path:main():lattice-best-path.cc:99) For utterance duong-part1-test2, best cost 1123.38 + -1360.91 = -237.53 over 307 frames.
duong-part1-test2 không chín một ba hai bốn chín một hai năm 
LOG (lattice-best-path:main():lattice-best-path.cc:99) For utterance duong-part1-test3, best cost 1264.84 + 576.349 = 1841.19 over 316 frames.
duong-part1-test3 không chín một bảy hai một không năm sáu tám hai 
LOG (lattice-best-path:main():lattice-best-path.cc:99) For utterance duong-part1-test4, best cost 1131.5 + -1145 = -13.4976 over 315 frames.
duong-part1-test4 ba sáu tám hai bốn năm bảy bốn chín một 
LOG (lattice-best-path:main():lattice-best-path.cc:99) For utterance duong-part1-test5, best cost 1348.06 + -1871.11 = -523.055 over 397 frames.
duong-part1-test5 hai ba bốn chín hai ba bốn năm bảy 
LOG (lattice-best-path:main():lattice-best-path.cc:99) For utterance duong-part1-test6, best cost 1307.73 + -401.138 = 906.594 over 385 frames.
duong-part1-test6 một hai ba bốn năm sáu bảy tám chín 
LOG (lattice-best-path:main():lattice-best-path.cc:99) For utterance duong-part1-test7, best cost 5405.03 + -10157 = -4751.97 over 2076 frames.
duong-part1-test7 năm sáu tám ba hai bốn một bảy không chín hai bốn một năm sáu chín tám bảy hai một không năm sáu tám hai ba bảy bốn chín sáu tám ba hai 
LOG (lattice-best-path:main():lattice-best-path.cc:99) For utterance huong-part1-test1, best cost 1213.25 + 4449.34 = 5662.59 over 437 frames.
huong-part1-test1 không bốn bốn sáu ba không sáu không sáu bảy không không 
LOG (lattice-best-path:main():lattice-best-path.cc:99) For utterance huong-part1-test2, best cost 1045.16 + 2927 = 3972.16 over 371 frames.
huong-part1-test2 không chín sáu bảy ba bốn chín sáu hai tám 
LOG (lattice-best-path:main():lattice-best-path.cc:99) For utterance huong-part1-test3, best cost 903.721 + 3461.41 = 4365.13 over 292 frames.
huong-part1-test3 không bốn sáu hai một không tám tám ba 
LOG (lattice-best-path:main():lattice-best-path.cc:99) For utterance huong-part1-test4, best cost 1065.7 + 3112.54 = 4178.24 over 291 frames.
huong-part1-test4 ba sáu sáu tám hai bốn tám bảy bốn bốn sáu 
LOG (lattice-best-path:main():lattice-best-path.cc:99) For utterance huong-part1-test5, best cost 910.767 + 3047.94 = 3958.7 over 233 frames.
huong-part1-test5 sáu sáu bốn bốn sáu ba bốn tám sáu 
LOG (lattice-best-path:main():lattice-best-path.cc:99) For utterance huong-part1-test6, best cost 741.191 + 2518.87 = 3260.06 over 213 frames.
huong-part1-test6 sáu hai ba bốn hai sáu bảy 
LOG (lattice-best-path:main():lattice-best-path.cc:99) For utterance linh-part1-test1, best cost 1127.5 + 1497.29 = 2624.79 over 537 frames.
linh-part1-test1 không chín một ba không một không không bảy không 
LOG (lattice-best-path:main():lattice-best-path.cc:99) For utterance linh-part1-test2, best cost 1084.61 + 3592.07 = 4676.68 over 327 frames.
linh-part1-test2 không bốn chín một sáu hai bốn chín một hai năm 
LOG (lattice-best-path:main():lattice-best-path.cc:99) For utterance linh-part1-test3, best cost 1075.99 + 3445.25 = 4521.24 over 359 frames.
linh-part1-test3 không chín một năm không một không năm sáu năm năm 
LOG (lattice-best-path:main():lattice-best-path.cc:99) For utterance linh-part1-test4, best cost 1166.39 + 3502.13 = 4668.52 over 329 frames.
linh-part1-test4 sáu năm sáu năm năm tám bốn tám bảy bốn chín một 
LOG (lattice-best-path:main():lattice-best-path.cc:99) For utterance linh-part1-test5, best cost 815.584 + 3760.49 = 4576.08 over 270 frames.
linh-part1-test5 năm bốn bốn chín sáu năm năm một 
LOG (lattice-best-path:main():lattice-best-path.cc:99) For utterance linh-part1-test6, best cost 1053.85 + 3201.39 = 4255.25 over 296 frames.
linh-part1-test6 một năm một sáu bốn năm sáu bảy không chín 
LOG (lattice-best-path:main():lattice-best-path.cc:99) For utterance loc-part1-test1, best cost 1205.9 + -1640.69 = -434.79 over 336 frames.
loc-part1-test1 không chín một ba không một không sáu bảy không 
LOG (lattice-best-path:main():lattice-best-path.cc:99) For utterance loc-part1-test2, best cost 1127.15 + -1450.57 = -323.418 over 323 frames.
loc-part1-test2 không chín một ba hai bốn chín một hai năm 
LOG (lattice-best-path:main():lattice-best-path.cc:99) For utterance loc-part1-test3, best cost 1403.94 + 815.562 = 2219.5 over 374 frames.
loc-part1-test3 không chín một hai một không năm sáu tám sáu hai 
LOG (lattice-best-path:main():lattice-best-path.cc:99) For utterance loc-part1-test4, best cost 1473.2 + 899.917 = 2373.12 over 365 frames.
loc-part1-test4 ba sáu ba tám hai bốn năm bảy bốn chín một 
LOG (lattice-best-path:main():lattice-best-path.cc:99) For utterance loc-part1-test5, best cost 1339.19 + -1797.15 = -457.961 over 373 frames.
loc-part1-test5 hai ba bốn chín hai ba bốn năm bảy 
LOG (lattice-best-path:main():lattice-best-path.cc:99) For utterance loc-part1-test6, best cost 1416.06 + -1493.6 = -77.5341 over 402 frames.
loc-part1-test6 một hai ba bốn năm sáu bảy tám chín 
LOG (lattice-best-path:main():lattice-best-path.cc:99) For utterance loc-part1-test7, best cost 3537.27 + -7047.18 = -3509.91 over 1528 frames.
loc-part1-test7 năm sáu tám ba hai bốn một bảy không chín hai bốn một năm sáu chín tám bảy hai một không năm sáu tám hai ba bảy bốn chín sáu tám ba hai 
LOG (lattice-best-path:main():lattice-best-path.cc:124) Overall score per frame is 4.13868 = 3.10817 [graph] + 1.03051 [acoustic] over 11767 frames.
LOG (lattice-best-path:main():lattice-best-path.cc:128) Done 26 lattices, failed for 0
# Accounting: time=0 threads=1
# Ended (code 0) at Fri Mar  4 09:49:13 ICT 2016, elapsed time 0 seconds
