# lattice-best-path --lm-scale=16 --word-symbol-table=exp/tri3b/graph/words.txt "ark:gunzip -c exp/nnet2_online/nnet_ms_a_online/decode_per_utt/lat.*.gz|" ark,t:exp/nnet2_online/nnet_ms_a_online/decode_per_utt/scoring/16.tra 
# Started at Fri Mar  4 09:49:13 ICT 2016
#
lattice-best-path --lm-scale=16 --word-symbol-table=exp/tri3b/graph/words.txt 'ark:gunzip -c exp/nnet2_online/nnet_ms_a_online/decode_per_utt/lat.*.gz|' ark,t:exp/nnet2_online/nnet_ms_a_online/decode_per_utt/scoring/16.tra 
LOG (lattice-best-path:main():lattice-best-path.cc:99) For utterance duong-part1-test1, best cost 1143.84 + -317.149 = 826.687 over 315 frames.
duong-part1-test1 không chín một ba không hai một không sáu bảy không 
LOG (lattice-best-path:main():lattice-best-path.cc:99) For utterance duong-part1-test2, best cost 998.556 + -1360.91 = -362.349 over 307 frames.
duong-part1-test2 không chín một ba hai bốn chín một hai năm 
LOG (lattice-best-path:main():lattice-best-path.cc:99) For utterance duong-part1-test3, best cost 1124.3 + 576.349 = 1700.65 over 316 frames.
duong-part1-test3 không chín một bảy hai một không năm sáu tám hai 
LOG (lattice-best-path:main():lattice-best-path.cc:99) For utterance duong-part1-test4, best cost 1005.78 + -1145 = -139.22 over 315 frames.
duong-part1-test4 ba sáu tám hai bốn năm bảy bốn chín một 
LOG (lattice-best-path:main():lattice-best-path.cc:99) For utterance duong-part1-test5, best cost 1198.28 + -1871.11 = -672.84 over 397 frames.
duong-part1-test5 hai ba bốn chín hai ba bốn năm bảy 
LOG (lattice-best-path:main():lattice-best-path.cc:99) For utterance duong-part1-test6, best cost 1162.43 + -401.138 = 761.29 over 385 frames.
duong-part1-test6 một hai ba bốn năm sáu bảy tám chín 
LOG (lattice-best-path:main():lattice-best-path.cc:99) For utterance duong-part1-test7, best cost 4804.47 + -10157 = -5352.53 over 2076 frames.
duong-part1-test7 năm sáu tám ba hai bốn một bảy không chín hai bốn một năm sáu chín tám bảy hai một không năm sáu tám hai ba bảy bốn chín sáu tám ba hai 
LOG (lattice-best-path:main():lattice-best-path.cc:99) For utterance huong-part1-test1, best cost 1078.45 + 4449.34 = 5527.79 over 437 frames.
huong-part1-test1 không bốn bốn sáu ba không sáu không sáu bảy không không 
LOG (lattice-best-path:main():lattice-best-path.cc:99) For utterance huong-part1-test2, best cost 929.031 + 2927 = 3856.03 over 371 frames.
huong-part1-test2 không chín sáu bảy ba bốn chín sáu hai tám 
LOG (lattice-best-path:main():lattice-best-path.cc:99) For utterance huong-part1-test3, best cost 863.348 + 3397.02 = 4260.36 over 292 frames.
huong-part1-test3 sáu bảy bốn sáu hai một không tám tám ba 
LOG (lattice-best-path:main():lattice-best-path.cc:99) For utterance huong-part1-test4, best cost 947.288 + 3112.54 = 4059.83 over 291 frames.
huong-part1-test4 ba sáu sáu tám hai bốn tám bảy bốn bốn sáu 
LOG (lattice-best-path:main():lattice-best-path.cc:99) For utterance huong-part1-test5, best cost 809.57 + 3047.94 = 3857.51 over 233 frames.
huong-part1-test5 sáu sáu bốn bốn sáu ba bốn tám sáu 
LOG (lattice-best-path:main():lattice-best-path.cc:99) For utterance huong-part1-test6, best cost 658.836 + 2518.87 = 3177.7 over 213 frames.
huong-part1-test6 sáu hai ba bốn hai sáu bảy 
LOG (lattice-best-path:main():lattice-best-path.cc:99) For utterance linh-part1-test1, best cost 1002.22 + 1497.29 = 2499.51 over 537 frames.
linh-part1-test1 không chín một ba không một không không bảy không 
LOG (lattice-best-path:main():lattice-best-path.cc:99) For utterance linh-part1-test2, best cost 964.099 + 3592.07 = 4556.17 over 327 frames.
linh-part1-test2 không bốn chín một sáu hai bốn chín một hai năm 
LOG (lattice-best-path:main():lattice-best-path.cc:99) For utterance linh-part1-test3, best cost 956.434 + 3445.25 = 4401.69 over 359 frames.
linh-part1-test3 không chín một năm không một không năm sáu năm năm 
LOG (lattice-best-path:main():lattice-best-path.cc:99) For utterance linh-part1-test4, best cost 1036.79 + 3502.13 = 4538.92 over 329 frames.
linh-part1-test4 sáu năm sáu năm năm tám bốn tám bảy bốn chín một 
LOG (lattice-best-path:main():lattice-best-path.cc:99) For utterance linh-part1-test5, best cost 724.963 + 3760.49 = 4485.46 over 270 frames.
linh-part1-test5 năm bốn bốn chín sáu năm năm một 
LOG (lattice-best-path:main():lattice-best-path.cc:99) For utterance linh-part1-test6, best cost 936.76 + 3201.39 = 4138.15 over 296 frames.
linh-part1-test6 một năm một sáu bốn năm sáu bảy không chín 
LOG (lattice-best-path:main():lattice-best-path.cc:99) For utterance loc-part1-test1, best cost 1071.91 + -1640.69 = -568.779 over 336 frames.
loc-part1-test1 không chín một ba không một không sáu bảy không 
LOG (lattice-best-path:main():lattice-best-path.cc:99) For utterance loc-part1-test2, best cost 1001.91 + -1450.57 = -448.657 over 323 frames.
loc-part1-test2 không chín một ba hai bốn chín một hai năm 
LOG (lattice-best-path:main():lattice-best-path.cc:99) For utterance loc-part1-test3, best cost 1247.95 + 815.562 = 2063.51 over 374 frames.
loc-part1-test3 không chín một hai một không năm sáu tám sáu hai 
LOG (lattice-best-path:main():lattice-best-path.cc:99) For utterance loc-part1-test4, best cost 1309.51 + 899.917 = 2209.43 over 365 frames.
loc-part1-test4 ba sáu ba tám hai bốn năm bảy bốn chín một 
LOG (lattice-best-path:main():lattice-best-path.cc:99) For utterance loc-part1-test5, best cost 1190.39 + -1797.15 = -606.76 over 373 frames.
loc-part1-test5 hai ba bốn chín hai ba bốn năm bảy 
LOG (lattice-best-path:main():lattice-best-path.cc:99) For utterance loc-part1-test6, best cost 1258.72 + -1493.6 = -234.875 over 402 frames.
loc-part1-test6 một hai ba bốn năm sáu bảy tám chín 
LOG (lattice-best-path:main():lattice-best-path.cc:99) For utterance loc-part1-test7, best cost 3144.24 + -7047.18 = -3902.94 over 1528 frames.
loc-part1-test7 năm sáu tám ba hai bốn một bảy không chín hai bốn một năm sáu chín tám bảy hai một không năm sáu tám hai ba bảy bốn chín sáu tám ba hai 
LOG (lattice-best-path:main():lattice-best-path.cc:124) Overall score per frame is 3.79296 = 2.76792 [graph] + 1.02504 [acoustic] over 11767 frames.
LOG (lattice-best-path:main():lattice-best-path.cc:128) Done 26 lattices, failed for 0
# Accounting: time=0 threads=1
# Ended (code 0) at Fri Mar  4 09:49:13 ICT 2016, elapsed time 0 seconds
