# lattice-best-path --lm-scale=20 --word-symbol-table=exp/tri3b/graph/words.txt "ark:gunzip -c exp/nnet2_online/nnet_ms_a_online/decode_per_utt/lat.*.gz|" ark,t:exp/nnet2_online/nnet_ms_a_online/decode_per_utt/scoring/20.tra 
# Started at Fri Mar  4 09:49:13 ICT 2016
#
lattice-best-path --lm-scale=20 --word-symbol-table=exp/tri3b/graph/words.txt 'ark:gunzip -c exp/nnet2_online/nnet_ms_a_online/decode_per_utt/lat.*.gz|' ark,t:exp/nnet2_online/nnet_ms_a_online/decode_per_utt/scoring/20.tra 
LOG (lattice-best-path:main():lattice-best-path.cc:99) For utterance duong-part1-test1, best cost 1429.79 + -317.149 = 1112.65 over 315 frames.
duong-part1-test1 không chín một ba không hai một không sáu bảy không 
LOG (lattice-best-path:main():lattice-best-path.cc:99) For utterance duong-part1-test2, best cost 1248.2 + -1360.91 = -112.71 over 307 frames.
duong-part1-test2 không chín một ba hai bốn chín một hai năm 
LOG (lattice-best-path:main():lattice-best-path.cc:99) For utterance duong-part1-test3, best cost 1405.38 + 576.349 = 1981.73 over 316 frames.
duong-part1-test3 không chín một bảy hai một không năm sáu tám hai 
LOG (lattice-best-path:main():lattice-best-path.cc:99) For utterance duong-part1-test4, best cost 1257.22 + -1145 = 112.225 over 315 frames.
duong-part1-test4 ba sáu tám hai bốn năm bảy bốn chín một 
LOG (lattice-best-path:main():lattice-best-path.cc:99) For utterance duong-part1-test5, best cost 1497.84 + -1871.11 = -373.271 over 397 frames.
duong-part1-test5 hai ba bốn chín hai ba bốn năm bảy 
LOG (lattice-best-path:main():lattice-best-path.cc:99) For utterance duong-part1-test6, best cost 1453.04 + -401.138 = 1051.9 over 385 frames.
duong-part1-test6 một hai ba bốn năm sáu bảy tám chín 
LOG (lattice-best-path:main():lattice-best-path.cc:99) For utterance duong-part1-test7, best cost 6005.58 + -10157 = -4151.41 over 2076 frames.
duong-part1-test7 năm sáu tám ba hai bốn một bảy không chín hai bốn một năm sáu chín tám bảy hai một không năm sáu tám hai ba bảy bốn chín sáu tám ba hai 
LOG (lattice-best-path:main():lattice-best-path.cc:99) For utterance huong-part1-test1, best cost 1348.06 + 4449.34 = 5797.4 over 437 frames.
huong-part1-test1 không bốn bốn sáu ba không sáu không sáu bảy không không 
LOG (lattice-best-path:main():lattice-best-path.cc:99) For utterance huong-part1-test2, best cost 1161.29 + 2927 = 4088.29 over 371 frames.
huong-part1-test2 không chín sáu bảy ba bốn chín sáu hai tám 
LOG (lattice-best-path:main():lattice-best-path.cc:99) For utterance huong-part1-test3, best cost 1004.13 + 3461.41 = 4465.55 over 292 frames.
huong-part1-test3 không bốn sáu hai một không tám tám ba 
LOG (lattice-best-path:main():lattice-best-path.cc:99) For utterance huong-part1-test4, best cost 1184.11 + 3112.54 = 4296.65 over 291 frames.
huong-part1-test4 ba sáu sáu tám hai bốn tám bảy bốn bốn sáu 
LOG (lattice-best-path:main():lattice-best-path.cc:99) For utterance huong-part1-test5, best cost 1011.96 + 3047.94 = 4059.9 over 233 frames.
huong-part1-test5 sáu sáu bốn bốn sáu ba bốn tám sáu 
LOG (lattice-best-path:main():lattice-best-path.cc:99) For utterance huong-part1-test6, best cost 823.545 + 2518.87 = 3342.41 over 213 frames.
huong-part1-test6 sáu hai ba bốn hai sáu bảy 
LOG (lattice-best-path:main():lattice-best-path.cc:99) For utterance linh-part1-test1, best cost 1252.78 + 1497.29 = 2750.07 over 537 frames.
linh-part1-test1 không chín một ba không một không không bảy không 
LOG (lattice-best-path:main():lattice-best-path.cc:99) For utterance linh-part1-test2, best cost 1205.12 + 3592.07 = 4797.19 over 327 frames.
linh-part1-test2 không bốn chín một sáu hai bốn chín một hai năm 
LOG (lattice-best-path:main():lattice-best-path.cc:99) For utterance linh-part1-test3, best cost 1195.54 + 3445.25 = 4640.79 over 359 frames.
linh-part1-test3 không chín một năm không một không năm sáu năm năm 
LOG (lattice-best-path:main():lattice-best-path.cc:99) For utterance linh-part1-test4, best cost 1295.99 + 3502.13 = 4798.12 over 329 frames.
linh-part1-test4 sáu năm sáu năm năm tám bốn tám bảy bốn chín một 
LOG (lattice-best-path:main():lattice-best-path.cc:99) For utterance linh-part1-test5, best cost 906.204 + 3760.49 = 4666.7 over 270 frames.
linh-part1-test5 năm bốn bốn chín sáu năm năm một 
LOG (lattice-best-path:main():lattice-best-path.cc:99) For utterance linh-part1-test6, best cost 1170.95 + 3201.39 = 4372.34 over 296 frames.
linh-part1-test6 một năm một sáu bốn năm sáu bảy không chín 
LOG (lattice-best-path:main():lattice-best-path.cc:99) For utterance loc-part1-test1, best cost 1339.89 + -1640.69 = -300.801 over 336 frames.
loc-part1-test1 không chín một ba không một không sáu bảy không 
LOG (lattice-best-path:main():lattice-best-path.cc:99) For utterance loc-part1-test2, best cost 1252.39 + -1450.57 = -198.179 over 323 frames.
loc-part1-test2 không chín một ba hai bốn chín một hai năm 
LOG (lattice-best-path:main():lattice-best-path.cc:99) For utterance loc-part1-test3, best cost 1477.93 + 896.796 = 2374.73 over 374 frames.
loc-part1-test3 không chín một hai một không năm sáu ba hai 
LOG (lattice-best-path:main():lattice-best-path.cc:99) For utterance loc-part1-test4, best cost 1636.89 + 899.917 = 2536.8 over 365 frames.
loc-part1-test4 ba sáu ba tám hai bốn năm bảy bốn chín một 
LOG (lattice-best-path:main():lattice-best-path.cc:99) For utterance loc-part1-test5, best cost 1487.98 + -1797.15 = -309.163 over 373 frames.
loc-part1-test5 hai ba bốn chín hai ba bốn năm bảy 
LOG (lattice-best-path:main():lattice-best-path.cc:99) For utterance loc-part1-test6, best cost 1573.4 + -1493.6 = 79.8063 over 402 frames.
loc-part1-test6 một hai ba bốn năm sáu bảy tám chín 
LOG (lattice-best-path:main():lattice-best-path.cc:99) For utterance loc-part1-test7, best cost 3930.3 + -7047.18 = -3116.88 over 1528 frames.
loc-part1-test7 năm sáu tám ba hai bốn một bảy không chín hai bốn một năm sáu chín tám bảy hai một không năm sáu tám hai ba bảy bốn chín sáu tám ba hai 
LOG (lattice-best-path:main():lattice-best-path.cc:124) Overall score per frame is 4.48397 = 3.44655 [graph] + 1.03742 [acoustic] over 11767 frames.
LOG (lattice-best-path:main():lattice-best-path.cc:128) Done 26 lattices, failed for 0
# Accounting: time=0 threads=1
# Ended (code 0) at Fri Mar  4 09:49:13 ICT 2016, elapsed time 0 seconds
