# lattice-best-path --lm-scale=13 --word-symbol-table=exp/tri3b/graph/words.txt "ark:gunzip -c exp/nnet2_online/nnet_ms_a_online/decode_per_utt/lat.*.gz|" ark,t:exp/nnet2_online/nnet_ms_a_online/decode_per_utt/scoring/13.tra 
# Started at Fri Mar  4 09:49:13 ICT 2016
#
lattice-best-path --lm-scale=13 --word-symbol-table=exp/tri3b/graph/words.txt 'ark:gunzip -c exp/nnet2_online/nnet_ms_a_online/decode_per_utt/lat.*.gz|' ark,t:exp/nnet2_online/nnet_ms_a_online/decode_per_utt/scoring/13.tra 
LOG (lattice-best-path:main():lattice-best-path.cc:99) For utterance duong-part1-test1, best cost 929.367 + -317.149 = 612.218 over 315 frames.
duong-part1-test1 không chín một ba không hai một không sáu bảy không 
LOG (lattice-best-path:main():lattice-best-path.cc:99) For utterance duong-part1-test2, best cost 811.327 + -1360.91 = -549.578 over 307 frames.
duong-part1-test2 không chín một ba hai bốn chín một hai năm 
LOG (lattice-best-path:main():lattice-best-path.cc:99) For utterance duong-part1-test3, best cost 914.666 + 574.993 = 1489.66 over 316 frames.
duong-part1-test3 không chín một hai hai một không năm sáu tám hai 
LOG (lattice-best-path:main():lattice-best-path.cc:99) For utterance duong-part1-test4, best cost 817.196 + -1145 = -327.804 over 315 frames.
duong-part1-test4 ba sáu tám hai bốn năm bảy bốn chín một 
LOG (lattice-best-path:main():lattice-best-path.cc:99) For utterance duong-part1-test5, best cost 973.599 + -1871.11 = -897.516 over 397 frames.
duong-part1-test5 hai ba bốn chín hai ba bốn năm bảy 
LOG (lattice-best-path:main():lattice-best-path.cc:99) For utterance duong-part1-test6, best cost 944.473 + -401.138 = 543.335 over 385 frames.
duong-part1-test6 một hai ba bốn năm sáu bảy tám chín 
LOG (lattice-best-path:main():lattice-best-path.cc:99) For utterance duong-part1-test7, best cost 3903.63 + -10157 = -6253.37 over 2076 frames.
duong-part1-test7 năm sáu tám ba hai bốn một bảy không chín hai bốn một năm sáu chín tám bảy hai một không năm sáu tám hai ba bảy bốn chín sáu tám ba hai 
LOG (lattice-best-path:main():lattice-best-path.cc:99) For utterance huong-part1-test1, best cost 926.909 + 4390.41 = 5317.32 over 437 frames.
huong-part1-test1 không bốn chín bốn sáu ba không sáu không sáu bảy không không 
LOG (lattice-best-path:main():lattice-best-path.cc:99) For utterance huong-part1-test2, best cost 754.838 + 2927 = 3681.84 over 371 frames.
huong-part1-test2 không chín sáu bảy ba bốn chín sáu hai tám 
LOG (lattice-best-path:main():lattice-best-path.cc:99) For utterance huong-part1-test3, best cost 701.47 + 3397.02 = 4098.49 over 292 frames.
huong-part1-test3 sáu bảy bốn sáu hai một không tám tám ba 
LOG (lattice-best-path:main():lattice-best-path.cc:99) For utterance huong-part1-test4, best cost 769.671 + 3112.54 = 3882.21 over 291 frames.
huong-part1-test4 ba sáu sáu tám hai bốn tám bảy bốn bốn sáu 
LOG (lattice-best-path:main():lattice-best-path.cc:99) For utterance huong-part1-test5, best cost 657.776 + 3047.94 = 3705.71 over 233 frames.
huong-part1-test5 sáu sáu bốn bốn sáu ba bốn tám sáu 
LOG (lattice-best-path:main():lattice-best-path.cc:99) For utterance huong-part1-test6, best cost 535.304 + 2518.87 = 3054.17 over 213 frames.
huong-part1-test6 sáu hai ba bốn hai sáu bảy 
LOG (lattice-best-path:main():lattice-best-path.cc:99) For utterance linh-part1-test1, best cost 814.306 + 1497.29 = 2311.6 over 537 frames.
linh-part1-test1 không chín một ba không một không không bảy không 
LOG (lattice-best-path:main():lattice-best-path.cc:99) For utterance linh-part1-test2, best cost 830.981 + 3533.81 = 4364.8 over 327 frames.
linh-part1-test2 không bốn chín một bảy sáu hai bốn chín một hai năm 
LOG (lattice-best-path:main():lattice-best-path.cc:99) For utterance linh-part1-test3, best cost 821.881 + 3394.9 = 4216.79 over 359 frames.
linh-part1-test3 không chín bảy một năm không một không năm sáu năm năm 
LOG (lattice-best-path:main():lattice-best-path.cc:99) For utterance linh-part1-test4, best cost 842.393 + 3502.13 = 4344.52 over 329 frames.
linh-part1-test4 sáu năm sáu năm năm tám bốn tám bảy bốn chín một 
LOG (lattice-best-path:main():lattice-best-path.cc:99) For utterance linh-part1-test5, best cost 702.13 + 3632.11 = 4334.24 over 270 frames.
linh-part1-test5 năm bốn bốn chín hai hai năm năm một 
LOG (lattice-best-path:main():lattice-best-path.cc:99) For utterance linh-part1-test6, best cost 761.117 + 3201.39 = 3962.51 over 296 frames.
linh-part1-test6 một năm một sáu bốn năm sáu bảy không chín 
LOG (lattice-best-path:main():lattice-best-path.cc:99) For utterance loc-part1-test1, best cost 870.928 + -1640.69 = -769.762 over 336 frames.
loc-part1-test1 không chín một ba không một không sáu bảy không 
LOG (lattice-best-path:main():lattice-best-path.cc:99) For utterance loc-part1-test2, best cost 814.052 + -1450.57 = -636.515 over 323 frames.
loc-part1-test2 không chín một ba hai bốn chín một hai năm 
LOG (lattice-best-path:main():lattice-best-path.cc:99) For utterance loc-part1-test3, best cost 1013.96 + 815.562 = 1829.52 over 374 frames.
loc-part1-test3 không chín một hai một không năm sáu tám sáu hai 
LOG (lattice-best-path:main():lattice-best-path.cc:99) For utterance loc-part1-test4, best cost 1063.98 + 899.917 = 1963.89 over 365 frames.
loc-part1-test4 ba sáu ba tám hai bốn năm bảy bốn chín một 
LOG (lattice-best-path:main():lattice-best-path.cc:99) For utterance loc-part1-test5, best cost 967.19 + -1797.15 = -829.957 over 373 frames.
loc-part1-test5 hai ba bốn chín hai ba bốn năm bảy 
LOG (lattice-best-path:main():lattice-best-path.cc:99) For utterance loc-part1-test6, best cost 1022.71 + -1493.6 = -470.885 over 402 frames.
loc-part1-test6 một hai ba bốn năm sáu bảy tám chín 
LOG (lattice-best-path:main():lattice-best-path.cc:99) For utterance loc-part1-test7, best cost 2554.7 + -7047.18 = -4492.48 over 1528 frames.
loc-part1-test7 năm sáu tám ba hai bốn một bảy không chín hai bốn một năm sáu chín tám bảy hai một không năm sáu tám hai ba bảy bốn chín sáu tám ba hai 
LOG (lattice-best-path:main():lattice-best-path.cc:124) Overall score per frame is 3.27058 = 2.2708 [graph] + 0.999778 [acoustic] over 11767 frames.
LOG (lattice-best-path:main():lattice-best-path.cc:128) Done 26 lattices, failed for 0
# Accounting: time=0 threads=1
# Ended (code 0) at Fri Mar  4 09:49:13 ICT 2016, elapsed time 0 seconds
