# gunzip -c exp/tri3b/decode.si/lat.1.gz | lattice-to-post --acoustic-scale=0.083333 ark:- ark:- | weight-silence-post 0.01 1:2:3:4:5 exp/tri3b/final.alimdl ark:- ark:- | gmm-post-to-gpost exp/tri3b/final.alimdl "ark,s,cs:apply-cmvn  --utt2spk=ark:data/test/split1/1/utt2spk scp:data/test/split1/1/cmvn.scp scp:data/test/split1/1/feats.scp ark:- | splice-feats --left-context=3 --right-context=3 ark:- ark:- | transform-feats exp/tri3b/final.mat ark:- ark:- |" ark:- ark:- | gmm-est-fmllr-gpost --fmllr-update-type=full --spk2utt=ark:data/test/split1/1/spk2utt exp/tri3b/final.mdl "ark,s,cs:apply-cmvn  --utt2spk=ark:data/test/split1/1/utt2spk scp:data/test/split1/1/cmvn.scp scp:data/test/split1/1/feats.scp ark:- | splice-feats --left-context=3 --right-context=3 ark:- ark:- | transform-feats exp/tri3b/final.mat ark:- ark:- |" ark,s,cs:- ark:exp/tri3b/decode/pre_trans.1 
# Started at Fri Mar  4 00:34:44 ICT 2016
#
weight-silence-post 0.01 1:2:3:4:5 exp/tri3b/final.alimdl ark:- ark:- 
lattice-to-post --acoustic-scale=0.083333 ark:- ark:- 
gmm-est-fmllr-gpost --fmllr-update-type=full --spk2utt=ark:data/test/split1/1/spk2utt exp/tri3b/final.mdl 'ark,s,cs:apply-cmvn  --utt2spk=ark:data/test/split1/1/utt2spk scp:data/test/split1/1/cmvn.scp scp:data/test/split1/1/feats.scp ark:- | splice-feats --left-context=3 --right-context=3 ark:- ark:- | transform-feats exp/tri3b/final.mat ark:- ark:- |' ark,s,cs:- ark:exp/tri3b/decode/pre_trans.1 
gmm-post-to-gpost exp/tri3b/final.alimdl 'ark,s,cs:apply-cmvn  --utt2spk=ark:data/test/split1/1/utt2spk scp:data/test/split1/1/cmvn.scp scp:data/test/split1/1/feats.scp ark:- | splice-feats --left-context=3 --right-context=3 ark:- ark:- | transform-feats exp/tri3b/final.mat ark:- ark:- |' ark:- ark:- 
transform-feats exp/tri3b/final.mat ark:- ark:- 
apply-cmvn --utt2spk=ark:data/test/split1/1/utt2spk scp:data/test/split1/1/cmvn.scp scp:data/test/split1/1/feats.scp ark:- 
apply-cmvn --utt2spk=ark:data/test/split1/1/utt2spk scp:data/test/split1/1/cmvn.scp scp:data/test/split1/1/feats.scp ark:- 
transform-feats exp/tri3b/final.mat ark:- ark:- 
splice-feats --left-context=3 --right-context=3 ark:- ark:- 
splice-feats --left-context=3 --right-context=3 ark:- ark:- 
LOG (gmm-est-fmllr-gpost:ComputeFmllrMatrixDiagGmmFull():fmllr-diag-gmm.cc:262) fMLLR objf improvement is 19.7532 per frame over 2324.94 frames.
LOG (gmm-est-fmllr-gpost:main():gmm-est-fmllr-gpost.cc:141) For speaker DUONG, auxf-impr from fMLLR is 19.7532, over 2324.94 frames.
LOG (gmm-est-fmllr-gpost:ComputeFmllrMatrixDiagGmmFull():fmllr-diag-gmm.cc:262) fMLLR objf improvement is 8.1853 per frame over 13946.7 frames.
LOG (gmm-est-fmllr-gpost:main():gmm-est-fmllr-gpost.cc:141) For speaker FAF, auxf-impr from fMLLR is 8.1853, over 13946.7 frames.
LOG (gmm-est-fmllr-gpost:ComputeFmllrMatrixDiagGmmFull():fmllr-diag-gmm.cc:262) fMLLR objf improvement is 8.63498 per frame over 13060.1 frames.
LOG (gmm-est-fmllr-gpost:main():gmm-est-fmllr-gpost.cc:141) For speaker FAG, auxf-impr from fMLLR is 8.63498, over 13060.1 frames.
LOG (gmm-est-fmllr-gpost:ComputeFmllrMatrixDiagGmmFull():fmllr-diag-gmm.cc:262) fMLLR objf improvement is 10.7894 per frame over 11817.7 frames.
LOG (gmm-est-fmllr-gpost:main():gmm-est-fmllr-gpost.cc:141) For speaker FAH, auxf-impr from fMLLR is 10.7894, over 11817.7 frames.
LOG (gmm-est-fmllr-gpost:ComputeFmllrMatrixDiagGmmFull():fmllr-diag-gmm.cc:262) fMLLR objf improvement is 9.16879 per frame over 10674.8 frames.
LOG (gmm-est-fmllr-gpost:main():gmm-est-fmllr-gpost.cc:141) For speaker FDN, auxf-impr from fMLLR is 9.16879, over 10674.8 frames.
LOG (gmm-est-fmllr-gpost:ComputeFmllrMatrixDiagGmmFull():fmllr-diag-gmm.cc:262) fMLLR objf improvement is 7.66747 per frame over 11142.9 frames.
LOG (gmm-est-fmllr-gpost:main():gmm-est-fmllr-gpost.cc:141) For speaker FDT, auxf-impr from fMLLR is 7.66747, over 11142.9 frames.
LOG (gmm-est-fmllr-gpost:ComputeFmllrMatrixDiagGmmFull():fmllr-diag-gmm.cc:262) fMLLR objf improvement is 7.22076 per frame over 10729.6 frames.
LOG (gmm-est-fmllr-gpost:main():gmm-est-fmllr-gpost.cc:141) For speaker FHT, auxf-impr from fMLLR is 7.22076, over 10729.6 frames.
LOG (gmm-est-fmllr-gpost:ComputeFmllrMatrixDiagGmmFull():fmllr-diag-gmm.cc:262) fMLLR objf improvement is 6.35774 per frame over 11464 frames.
LOG (gmm-est-fmllr-gpost:main():gmm-est-fmllr-gpost.cc:141) For speaker FLH, auxf-impr from fMLLR is 6.35774, over 11464 frames.
LOG (gmm-est-fmllr-gpost:ComputeFmllrMatrixDiagGmmFull():fmllr-diag-gmm.cc:262) fMLLR objf improvement is 10.1474 per frame over 10523.6 frames.
LOG (gmm-est-fmllr-gpost:main():gmm-est-fmllr-gpost.cc:141) For speaker FLN, auxf-impr from fMLLR is 10.1474, over 10523.6 frames.
LOG (gmm-est-fmllr-gpost:ComputeFmllrMatrixDiagGmmFull():fmllr-diag-gmm.cc:262) fMLLR objf improvement is 5.94141 per frame over 13501.7 frames.
LOG (gmm-est-fmllr-gpost:main():gmm-est-fmllr-gpost.cc:141) For speaker FLT, auxf-impr from fMLLR is 5.94141, over 13501.7 frames.
LOG (gmm-est-fmllr-gpost:ComputeFmllrMatrixDiagGmmFull():fmllr-diag-gmm.cc:262) fMLLR objf improvement is 13.3884 per frame over 10858.1 frames.
LOG (gmm-est-fmllr-gpost:main():gmm-est-fmllr-gpost.cc:141) For speaker FNH, auxf-impr from fMLLR is 13.3884, over 10858.1 frames.
LOG (gmm-est-fmllr-gpost:ComputeFmllrMatrixDiagGmmFull():fmllr-diag-gmm.cc:262) fMLLR objf improvement is 5.15346 per frame over 13737.4 frames.
LOG (gmm-est-fmllr-gpost:main():gmm-est-fmllr-gpost.cc:141) For speaker FNT, auxf-impr from fMLLR is 5.15346, over 13737.4 frames.
LOG (gmm-est-fmllr-gpost:ComputeFmllrMatrixDiagGmmFull():fmllr-diag-gmm.cc:262) fMLLR objf improvement is 8.37378 per frame over 11320.1 frames.
LOG (gmm-est-fmllr-gpost:main():gmm-est-fmllr-gpost.cc:141) For speaker FPH, auxf-impr from fMLLR is 8.37379, over 11320.1 frames.
LOG (gmm-est-fmllr-gpost:ComputeFmllrMatrixDiagGmmFull():fmllr-diag-gmm.cc:262) fMLLR objf improvement is 8.12998 per frame over 11154.2 frames.
LOG (gmm-est-fmllr-gpost:main():gmm-est-fmllr-gpost.cc:141) For speaker FVL, auxf-impr from fMLLR is 8.12998, over 11154.2 frames.
LOG (gmm-est-fmllr-gpost:ComputeFmllrMatrixDiagGmmFull():fmllr-diag-gmm.cc:262) fMLLR objf improvement is 8.01463 per frame over 10918.6 frames.
LOG (gmm-est-fmllr-gpost:main():gmm-est-fmllr-gpost.cc:141) For speaker FVT, auxf-impr from fMLLR is 8.01463, over 10918.7 frames.
LOG (gmm-est-fmllr-gpost:ComputeFmllrMatrixDiagGmmFull():fmllr-diag-gmm.cc:262) fMLLR objf improvement is 18.2421 per frame over 2500.87 frames.
LOG (gmm-est-fmllr-gpost:main():gmm-est-fmllr-gpost.cc:141) For speaker LOC, auxf-impr from fMLLR is 18.2421, over 2500.87 frames.
LOG (gmm-est-fmllr-gpost:ComputeFmllrMatrixDiagGmmFull():fmllr-diag-gmm.cc:262) fMLLR objf improvement is 12.0696 per frame over 11783.4 frames.
LOG (gmm-est-fmllr-gpost:main():gmm-est-fmllr-gpost.cc:141) For speaker MAA, auxf-impr from fMLLR is 12.0696, over 11783.4 frames.
LOG (gmm-est-fmllr-gpost:ComputeFmllrMatrixDiagGmmFull():fmllr-diag-gmm.cc:262) fMLLR objf improvement is 8.94658 per frame over 12538.9 frames.
LOG (gmm-est-fmllr-gpost:main():gmm-est-fmllr-gpost.cc:141) For speaker MAB, auxf-impr from fMLLR is 8.94658, over 12538.9 frames.
LOG (gmm-est-fmllr-gpost:ComputeFmllrMatrixDiagGmmFull():fmllr-diag-gmm.cc:262) fMLLR objf improvement is 8.74573 per frame over 11420.9 frames.
LOG (gmm-est-fmllr-gpost:main():gmm-est-fmllr-gpost.cc:141) For speaker MAC, auxf-impr from fMLLR is 8.74573, over 11420.9 frames.
LOG (gmm-est-fmllr-gpost:ComputeFmllrMatrixDiagGmmFull():fmllr-diag-gmm.cc:262) fMLLR objf improvement is 9.41664 per frame over 10998.8 frames.
LOG (gmm-est-fmllr-gpost:main():gmm-est-fmllr-gpost.cc:141) For speaker MAD, auxf-impr from fMLLR is 9.41664, over 10998.8 frames.
LOG (gmm-est-fmllr-gpost:ComputeFmllrMatrixDiagGmmFull():fmllr-diag-gmm.cc:262) fMLLR objf improvement is 8.7123 per frame over 13509.2 frames.
LOG (gmm-est-fmllr-gpost:main():gmm-est-fmllr-gpost.cc:141) For speaker MAE, auxf-impr from fMLLR is 8.7123, over 13509.2 frames.
LOG (gmm-est-fmllr-gpost:ComputeFmllrMatrixDiagGmmFull():fmllr-diag-gmm.cc:262) fMLLR objf improvement is 7.90969 per frame over 10720.8 frames.
LOG (gmm-est-fmllr-gpost:main():gmm-est-fmllr-gpost.cc:141) For speaker MDH, auxf-impr from fMLLR is 7.90969, over 10720.8 frames.
LOG (gmm-est-fmllr-gpost:ComputeFmllrMatrixDiagGmmFull():fmllr-diag-gmm.cc:262) fMLLR objf improvement is 7.0687 per frame over 11528 frames.
LOG (gmm-est-fmllr-gpost:main():gmm-est-fmllr-gpost.cc:141) For speaker MHH, auxf-impr from fMLLR is 7.0687, over 11528 frames.
LOG (gmm-est-fmllr-gpost:ComputeFmllrMatrixDiagGmmFull():fmllr-diag-gmm.cc:262) fMLLR objf improvement is 12.8118 per frame over 9624.89 frames.
LOG (gmm-est-fmllr-gpost:main():gmm-est-fmllr-gpost.cc:141) For speaker MLA, auxf-impr from fMLLR is 12.8118, over 9624.89 frames.
LOG (gmm-est-fmllr-gpost:ComputeFmllrMatrixDiagGmmFull():fmllr-diag-gmm.cc:262) fMLLR objf improvement is 6.70544 per frame over 11751.1 frames.
LOG (gmm-est-fmllr-gpost:main():gmm-est-fmllr-gpost.cc:141) For speaker MNA, auxf-impr from fMLLR is 6.70544, over 11751.1 frames.
LOG (gmm-est-fmllr-gpost:ComputeFmllrMatrixDiagGmmFull():fmllr-diag-gmm.cc:262) fMLLR objf improvement is 5.39245 per frame over 10772.7 frames.
LOG (gmm-est-fmllr-gpost:main():gmm-est-fmllr-gpost.cc:141) For speaker MNC, auxf-impr from fMLLR is 5.39245, over 10772.7 frames.
LOG (gmm-est-fmllr-gpost:ComputeFmllrMatrixDiagGmmFull():fmllr-diag-gmm.cc:262) fMLLR objf improvement is 7.95427 per frame over 12283 frames.
LOG (gmm-est-fmllr-gpost:main():gmm-est-fmllr-gpost.cc:141) For speaker MNN, auxf-impr from fMLLR is 7.95427, over 12283 frames.
LOG (gmm-est-fmllr-gpost:ComputeFmllrMatrixDiagGmmFull():fmllr-diag-gmm.cc:262) fMLLR objf improvement is 8.72143 per frame over 4635.17 frames.
LOG (gmm-est-fmllr-gpost:main():gmm-est-fmllr-gpost.cc:141) For speaker MNV, auxf-impr from fMLLR is 8.72143, over 4635.17 frames.
LOG (gmm-est-fmllr-gpost:ComputeFmllrMatrixDiagGmmFull():fmllr-diag-gmm.cc:262) fMLLR objf improvement is 8.63459 per frame over 10519.3 frames.
LOG (gmm-est-fmllr-gpost:main():gmm-est-fmllr-gpost.cc:141) For speaker MTD, auxf-impr from fMLLR is 8.63459, over 10519.3 frames.
LOG (gmm-est-fmllr-gpost:ComputeFmllrMatrixDiagGmmFull():fmllr-diag-gmm.cc:262) fMLLR objf improvement is 9.11212 per frame over 10710.3 frames.
LOG (gmm-est-fmllr-gpost:main():gmm-est-fmllr-gpost.cc:141) For speaker MTQ, auxf-impr from fMLLR is 9.11212, over 10710.3 frames.
LOG (gmm-est-fmllr-gpost:ComputeFmllrMatrixDiagGmmFull():fmllr-diag-gmm.cc:262) fMLLR objf improvement is 8.57482 per frame over 11160 frames.
LOG (gmm-est-fmllr-gpost:main():gmm-est-fmllr-gpost.cc:141) For speaker MTV, auxf-impr from fMLLR is 8.57482, over 11160 frames.
LOG (lattice-to-post:main():lattice-to-post.cc:106) Overall average log-like/frame is -4.30784 over 400632 frames.  Average acoustic like/frame is -4.15055
LOG (lattice-to-post:main():lattice-to-post.cc:110) Done 1071 lattices.
LOG (weight-silence-post:main():weight-silence-post.cc:95) Done 1071 posteriors.
LOG (apply-cmvn:main():apply-cmvn.cc:146) Applied cepstral mean normalization to 1071 utterances, errors on 0
LOG (apply-cmvn:main():apply-cmvn.cc:146) Applied cepstral mean normalization to 1071 utterances, errors on 0
LOG (transform-feats:main():transform-feats.cc:158) Overall average [pseudo-]logdet is -84.8605 over 400632 frames.
LOG (transform-feats:main():transform-feats.cc:161) Applied transform to 1071 utterances; 0 had errors.
LOG (gmm-post-to-gpost:main():gmm-post-to-gpost.cc:124) Done 1071 files, 0 with no posteriors, 0 with other errors.
LOG (gmm-post-to-gpost:main():gmm-post-to-gpost.cc:128) Overall avg like per frame (Gaussian only) = -50.0973 over 345672 frames.
LOG (gmm-post-to-gpost:main():gmm-post-to-gpost.cc:131) Done converting post to gpost
LOG (transform-feats:main():transform-feats.cc:158) Overall average [pseudo-]logdet is -84.8605 over 400632 frames.
LOG (transform-feats:main():transform-feats.cc:161) Applied transform to 1071 utterances; 0 had errors.
LOG (gmm-est-fmllr-gpost:ComputeFmllrMatrixDiagGmmFull():fmllr-diag-gmm.cc:262) fMLLR objf improvement is 11.2187 per frame over 12040 frames.
LOG (gmm-est-fmllr-gpost:main():gmm-est-fmllr-gpost.cc:141) For speaker MVN, auxf-impr from fMLLR is 11.2187, over 12040 frames.
LOG (gmm-est-fmllr-gpost:main():gmm-est-fmllr-gpost.cc:186) Done 1071 files, 0 with no gposts, 0 with other errors.
LOG (gmm-est-fmllr-gpost:main():gmm-est-fmllr-gpost.cc:188) Overall fMLLR auxf impr per frame is 8.72265 over 345672 frames.
# Accounting: time=18 threads=1
# Ended (code 0) at Fri Mar  4 00:35:02 ICT 2016, elapsed time 18 seconds
